# JRE version: Java(TM) SE Runtime Environment (8.0_74-b02) (build 1.8.0_74-b02)
# Java VM: Java HotSpot(TM) 64-Bit Server VM (25.74-b02 mixed mode bsd-amd64 compressed oops)
Heap:
 PSYoungGen      total 409088K, used 83703K [0x000000076ab00000, 0x0000000785e00000, 0x00000007c0000000)
  eden space 382976K, 21% used [0x000000076ab00000,0x000000076fcbdd78,0x0000000782100000)
  from space 26112K, 0% used [0x0000000784480000,0x0000000784480000,0x0000000785e00000)
  to   space 30208K, 0% used [0x0000000782300000,0x0000000782300000,0x0000000784080000)
 ParOldGen       total 262144K, used 55634K [0x00000006c0000000, 0x00000006d0000000, 0x000000076ab00000)
  object space 262144K, 21% used [0x00000006c0000000,0x00000006c3654858,0x00000006d0000000)
 Metaspace       used 60530K, capacity 61702K, committed 61912K, reserved 1103872K
  class space    used 7165K, capacity 7401K, committed 7424K, reserved 1048576K
GC Heap History (10 events):
Event: 4.111 GC heap before
{Heap before GC invocations=9 (full 2):
 PSYoungGen      total 268800K, used 13795K [0x000000076ab00000, 0x0000000781280000, 0x00000007c0000000)
  eden space 254976K, 0% used [0x000000076ab00000,0x000000076ab00000,0x000000077a400000)
  from space 13824K, 99% used [0x000000077a400000,0x000000077b178df8,0x000000077b180000)
  to   space 22016K, 0% used [0x000000077fd00000,0x000000077fd00000,0x0000000781280000)
 ParOldGen       total 101888K, used 26541K [0x00000006c0000000, 0x00000006c6380000, 0x000000076ab00000)
  object space 101888K, 26% used [0x00000006c0000000,0x00000006c19eb668,0x00000006c6380000)
 Metaspace       used 34894K, capacity 35204K, committed 35456K, reserved 1081344K
  class space    used 4310K, capacity 4410K, committed 4480K, reserved 1048576K
Event: 4.162 GC heap after
Heap after GC invocations=9 (full 2):
 PSYoungGen      total 268800K, used 0K [0x000000076ab00000, 0x0000000781280000, 0x00000007c0000000)
  eden space 254976K, 0% used [0x000000076ab00000,0x000000076ab00000,0x000000077a400000)
  from space 13824K, 0% used [0x000000077a400000,0x000000077a400000,0x000000077b180000)
  to   space 22016K, 0% used [0x000000077fd00000,0x000000077fd00000,0x0000000781280000)
 ParOldGen       total 188928K, used 36236K [0x00000006c0000000, 0x00000006cb880000, 0x000000076ab00000)
  object space 188928K, 19% used [0x00000006c0000000,0x00000006c23630a8,0x00000006cb880000)
 Metaspace       used 34894K, capacity 35204K, committed 35456K, reserved 1081344K
  class space    used 4310K, capacity 4410K, committed 4480K, reserved 1048576K
}
Event: 5.864 GC heap before
{Heap before GC invocations=10 (full 2):
 PSYoungGen      total 268800K, used 254976K [0x000000076ab00000, 0x0000000781280000, 0x00000007c0000000)
  eden space 254976K, 100% used [0x000000076ab00000,0x000000077a400000,0x000000077a400000)
  from space 13824K, 0% used [0x000000077a400000,0x000000077a400000,0x000000077b180000)
  to   space 22016K, 0% used [0x000000077fd00000,0x000000077fd00000,0x0000000781280000)
 ParOldGen       total 188928K, used 36236K [0x00000006c0000000, 0x00000006cb880000, 0x000000076ab00000)
  object space 188928K, 19% used [0x00000006c0000000,0x00000006c23630a8,0x00000006cb880000)
 Metaspace       used 46421K, capacity 46966K, committed 47104K, reserved 1091584K
  class space    used 5740K, capacity 5875K, committed 5888K, reserved 1048576K
Event: 5.882 GC heap after
Heap after GC invocations=10 (full 2):
 PSYoungGen      total 343552K, used 20069K [0x000000076ab00000, 0x0000000783e00000, 0x00000007c0000000)
  eden space 321536K, 0% used [0x000000076ab00000,0x000000076ab00000,0x000000077e500000)
  from space 22016K, 91% used [0x000000077fd00000,0x0000000781099430,0x0000000781280000)
  to   space 24576K, 0% used [0x000000077e500000,0x000000077e500000,0x000000077fd00000)
 ParOldGen       total 188928K, used 36244K [0x00000006c0000000, 0x00000006cb880000, 0x000000076ab00000)
  object space 188928K, 19% used [0x00000006c0000000,0x00000006c23650a8,0x00000006cb880000)
 Metaspace       used 46421K, capacity 46966K, committed 47104K, reserved 1091584K
  class space    used 5740K, capacity 5875K, committed 5888K, reserved 1048576K
}
Event: 9.695 GC heap before
{Heap before GC invocations=11 (full 2):
 PSYoungGen      total 343552K, used 341605K [0x000000076ab00000, 0x0000000783e00000, 0x00000007c0000000)
  eden space 321536K, 100% used [0x000000076ab00000,0x000000077e500000,0x000000077e500000)
  from space 22016K, 91% used [0x000000077fd00000,0x0000000781099430,0x0000000781280000)
  to   space 24576K, 0% used [0x000000077e500000,0x000000077e500000,0x000000077fd00000)
 ParOldGen       total 188928K, used 36244K [0x00000006c0000000, 0x00000006cb880000, 0x000000076ab00000)
  object space 188928K, 19% used [0x00000006c0000000,0x00000006c23650a8,0x00000006cb880000)
 Metaspace       used 49464K, capacity 49982K, committed 50304K, reserved 1093632K
  class space    used 6120K, capacity 6235K, committed 6272K, reserved 1048576K
Event: 9.708 GC heap after
Heap after GC invocations=11 (full 2):
 PSYoungGen      total 346112K, used 19298K [0x000000076ab00000, 0x0000000785e00000, 0x00000007c0000000)
  eden space 321536K, 0% used [0x000000076ab00000,0x000000076ab00000,0x000000077e500000)
  from space 24576K, 78% used [0x000000077e500000,0x000000077f7d89d8,0x000000077fd00000)
  to   space 26112K, 0% used [0x0000000784480000,0x0000000784480000,0x0000000785e00000)
 ParOldGen       total 188928K, used 36252K [0x00000006c0000000, 0x00000006cb880000, 0x000000076ab00000)
  object space 188928K, 19% used [0x00000006c0000000,0x00000006c23670a8,0x00000006cb880000)
 Metaspace       used 49464K, capacity 49982K, committed 50304K, reserved 1093632K
  class space    used 6120K, capacity 6235K, committed 6272K, reserved 1048576K
}
Event: 27.865 GC heap before
{Heap before GC invocations=12 (full 2):
 PSYoungGen      total 346112K, used 136588K [0x000000076ab00000, 0x0000000785e00000, 0x00000007c0000000)
  eden space 321536K, 36% used [0x000000076ab00000,0x0000000771d8a678,0x000000077e500000)
  from space 24576K, 78% used [0x000000077e500000,0x000000077f7d89d8,0x000000077fd00000)
  to   space 26112K, 0% used [0x0000000784480000,0x0000000784480000,0x0000000785e00000)
 ParOldGen       total 188928K, used 36252K [0x00000006c0000000, 0x00000006cb880000, 0x000000076ab00000)
  object space 188928K, 19% used [0x00000006c0000000,0x00000006c23670a8,0x00000006cb880000)
 Metaspace       used 58329K, capacity 58898K, committed 59096K, reserved 1101824K
  class space    used 6934K, capacity 7083K, committed 7168K, reserved 1048576K
Event: 27.897 GC heap after
Heap after GC invocations=12 (full 2):
 PSYoungGen      total 409088K, used 26087K [0x000000076ab00000, 0x0000000785e00000, 0x00000007c0000000)
  eden space 382976K, 0% used [0x000000076ab00000,0x000000076ab00000,0x0000000782100000)
  from space 26112K, 99% used [0x0000000784480000,0x0000000785df9e50,0x0000000785e00000)
  to   space 30208K, 0% used [0x0000000782300000,0x0000000782300000,0x0000000784080000)
 ParOldGen       total 188928K, used 37907K [0x00000006c0000000, 0x00000006cb880000, 0x000000076ab00000)
  object space 188928K, 20% used [0x00000006c0000000,0x00000006c2504ce8,0x00000006cb880000)
 Metaspace       used 58329K, capacity 58898K, committed 59096K, reserved 1101824K
  class space    used 6934K, capacity 7083K, committed 7168K, reserved 1048576K
}
Event: 27.897 GC heap before
{Heap before GC invocations=13 (full 3):
 PSYoungGen      total 409088K, used 26087K [0x000000076ab00000, 0x0000000785e00000, 0x00000007c0000000)
  eden space 382976K, 0% used [0x000000076ab00000,0x000000076ab00000,0x0000000782100000)
  from space 26112K, 99% used [0x0000000784480000,0x0000000785df9e50,0x0000000785e00000)
  to   space 30208K, 0% used [0x0000000782300000,0x0000000782300000,0x0000000784080000)
 ParOldGen       total 188928K, used 37907K [0x00000006c0000000, 0x00000006cb880000, 0x000000076ab00000)
  object space 188928K, 20% used [0x00000006c0000000,0x00000006c2504ce8,0x00000006cb880000)
 Metaspace       used 58329K, capacity 58898K, committed 59096K, reserved 1101824K
  class space    used 6934K, capacity 7083K, committed 7168K, reserved 1048576K
Event: 28.113 GC heap after
Heap after GC invocations=13 (full 3):
 PSYoungGen      total 409088K, used 0K [0x000000076ab00000, 0x0000000785e00000, 0x00000007c0000000)
  eden space 382976K, 0% used [0x000000076ab00000,0x000000076ab00000,0x0000000782100000)
  from space 26112K, 0% used [0x0000000784480000,0x0000000784480000,0x0000000785e00000)
  to   space 30208K, 0% used [0x0000000782300000,0x0000000782300000,0x0000000784080000)
 ParOldGen       total 262144K, used 55634K [0x00000006c0000000, 0x00000006d0000000, 0x000000076ab00000)
  object space 262144K, 21% used [0x00000006c0000000,0x00000006c3654858,0x00000006d0000000)
 Metaspace       used 58329K, capacity 58898K, committed 59096K, reserved 1101824K
  class space    used 6934K, capacity 7083K, committed 7168K, reserved 1048576K
}

